0 info it worked if it ends with ok
1 verbose cli [ 'C:\\Program Files\\nodejs\\\\node.exe',
1 verbose cli   'C:\\Program Files\\nodejs\\node_modules\\npm\\bin\\npm-cli.js',
1 verbose cli   'install',
1 verbose cli   'fs' ]
2 info using npm@1.3.21
3 info using node@v0.10.24
4 verbose node symlink C:\Program Files\nodejs\\node.exe
5 warn package.json http@0.0.0 http is also the name of a node core module.
6 warn package.json http@0.0.0 No description
7 warn package.json http@0.0.0 No repository field.
8 warn package.json url@0.7.9 url is also the name of a node core module.
9 verbose readDependencies using package.json deps
10 verbose cache add [ 'fs', null ]
11 verbose cache add name=undefined spec="fs" args=["fs",null]
12 verbose parsed url { protocol: null,
12 verbose parsed url   slashes: null,
12 verbose parsed url   auth: null,
12 verbose parsed url   host: null,
12 verbose parsed url   port: null,
12 verbose parsed url   hostname: null,
12 verbose parsed url   hash: null,
12 verbose parsed url   search: null,
12 verbose parsed url   query: null,
12 verbose parsed url   pathname: 'fs',
12 verbose parsed url   path: 'fs',
12 verbose parsed url   href: 'fs' }
13 silly lockFile 3f4bb586-fs fs
14 verbose lock fs C:\Users\Jordan\AppData\Roaming\npm-cache\3f4bb586-fs.lock
15 silly lockFile 3f4bb586-fs fs
16 silly lockFile 3f4bb586-fs fs
17 verbose addNamed [ 'fs', '' ]
18 verbose addNamed [ null, '*' ]
19 silly lockFile a107b96b-fs fs@
20 verbose lock fs@ C:\Users\Jordan\AppData\Roaming\npm-cache\a107b96b-fs.lock
21 silly addNameRange { name: 'fs', range: '*', hasData: false }
22 verbose url raw fs
23 verbose url resolving [ 'https://registry.npmjs.org/', './fs' ]
24 verbose url resolved https://registry.npmjs.org/fs
25 info trying registry request attempt 1 at 14:35:06
26 http GET https://registry.npmjs.org/fs
27 http 404 https://registry.npmjs.org/fs
28 silly registry.get cb [ 404,
28 silly registry.get   { date: 'Thu, 03 Apr 2014 18:35:05 GMT',
28 silly registry.get     server: 'CouchDB/1.5.0 (Erlang OTP/R14B04)',
28 silly registry.get     'content-type': 'application/json',
28 silly registry.get     via: '1.1 varnish',
28 silly registry.get     'cache-control': 'max-age=0',
28 silly registry.get     'content-length': '52',
28 silly registry.get     'accept-ranges': 'bytes',
28 silly registry.get     age: '0',
28 silly registry.get     'x-served-by': 'cache-v44-ASH, cache-at51-ATL',
28 silly registry.get     'x-cache': 'MISS, MISS',
28 silly registry.get     'x-cache-hits': '0, 0',
28 silly registry.get     'x-timer': 'S1396550105.171932459,VS0,VS6,VE94,VE101',
28 silly registry.get     'keep-alive': 'timeout=10, max=50',
28 silly registry.get     connection: 'Keep-Alive' } ]
29 silly lockFile a107b96b-fs fs@
30 silly lockFile a107b96b-fs fs@
31 error 404 'fs' is not in the npm registry.
31 error 404 You should bug the author to publish it
31 error 404
31 error 404 Note that you can also install from a
31 error 404 tarball, folder, or http url, or git url.
32 error System Windows_NT 6.2.9200
33 error command "C:\\Program Files\\nodejs\\\\node.exe" "C:\\Program Files\\nodejs\\node_modules\\npm\\bin\\npm-cli.js" "install" "fs"
34 error cwd C:\Web Projects\JusTake
35 error node -v v0.10.24
36 error npm -v 1.3.21
37 error code E404
38 verbose exit [ 1, true ]
